<?xml version="1.0" encoding="UTF-8"?>
<!-- Generated by org.testng.reporters.JUnitReportReporter -->
<testsuite hostname="Divakar-MacBook-Pro.local" failures="0" tests="1" name="Test01_GET" time="1.436" errors="0" timestamp="2022-09-20T12:44:35 PDT" skipped="0">
  <testcase classname="Test01_GET" name="test2_get2" time="1.436"/>
  <system-out/>
</testsuite> <!-- Test01_GET -->
