<?xml version="1.0" encoding="UTF-8"?>
<!-- Generated by org.testng.reporters.JUnitReportReporter -->
<testsuite hostname="Divakar-MacBook-Pro.local" failures="0" tests="2" name="postDDframework.PostReqddt" time="1.809" errors="0" timestamp="2022-09-20T15:27:47 PDT" skipped="0">
  <testcase classname="postDDframework.PostReqddt" name="test_post" time="1.377"/>
  <system-out/>
  <testcase classname="postDDframework.PostReqddt" name="test_post" time="0.432"/>
  <system-out/>
</testsuite> <!-- postDDframework.PostReqddt -->
