<?xml version="1.0" encoding="UTF-8"?>
<!-- Generated by org.testng.reporters.JUnitReportReporter -->
<testsuite hostname="Divakar-MacBook-Pro.local" failures="0" tests="1" name="GetReq" time="1.649" errors="0" timestamp="2022-09-23T12:29:49 PDT" skipped="0">
  <testcase classname="GetReq" name="test1_get1" time="1.649"/>
  <system-out/>
</testsuite> <!-- GetReq -->
