<?xml version="1.0" encoding="UTF-8"?>
<!-- Generated by org.testng.reporters.JUnitReportReporter -->
<testsuite hostname="Divakar-MacBook-Pro.local" failures="0" tests="1" name="PostReq" time="1.461" errors="0" timestamp="2022-09-20T13:18:22 PDT" skipped="0">
  <testcase classname="PostReq" name="test1_POST1" time="1.461"/>
  <system-out/>
</testsuite> <!-- PostReq -->
