<?xml version="1.0" encoding="UTF-8"?>
<!-- Generated by org.testng.reporters.JUnitReportReporter -->
<testsuite hostname="Divakar-MacBook-Pro.local" failures="0" tests="1" name="PutReq" time="1.368" errors="0" timestamp="2022-09-20T13:29:54 PDT" skipped="0">
  <testcase classname="PutReq" name="test3_del" time="1.368"/>
  <system-out/>
</testsuite> <!-- PutReq -->
